0 info it worked if it ends with ok
1 verbose cli [ 'c:\\Progra~1\\nodejs\\node.exe',
1 verbose cli   'c:\\Progra~1\\nodejs\\node_modules\\npm\\bin\\npm-cli.js',
1 verbose cli   'start' ]
2 info using npm@3.8.8
3 info using node@v4.2.1
4 verbose run-script [ 'prestart', 'start', 'poststart' ]
5 info lifecycle backend@1.0.0~prestart: backend@1.0.0
6 silly lifecycle backend@1.0.0~prestart: no script for prestart, continuing
7 info lifecycle backend@1.0.0~start: backend@1.0.0
8 verbose lifecycle backend@1.0.0~start: unsafe-perm in lifecycle true
9 verbose lifecycle backend@1.0.0~start: PATH: c:\Progra~1\nodejs\node_modules\npm\bin\node-gyp-bin;c:\Users\Jack.Coady\Desktop\tiny\scala-web-apis\backend\node_modules\.bin;c:\Progra~1\nodejs;c:\Program Files\Java\jdk1.8.0_25\bin;c:\Users\Jack.Coady\bin;.;C:\Program Files (x86)\Git\local\bin;C:\Program Files (x86)\Git\mingw\bin;C:\Program Files (x86)\Git\bin;C:\Program Files (x86)\Git\bin;c:\Python\35;c:\ProgramData\Oracle\Java\javapath;c:\Windows\system32;c:\Windows;c:\Windows\System32\Wbem;c:\Windows\System32\WindowsPowerShell\v1.0\;c:\PROGRA~2\Git\bin;c:\Progra~2\Git\cmd;c:\Python\35\Scripts;c:\Progra~1\MySQL\MySQLS~1.6\bin;c:\Progra~2\PHP\v5.4;d:\Program Files (x86)\Microsoft SQL Server\Client SDK\ODBC\110\Tools\Binn\;d:\Program Files (x86)\Microsoft SQL Server\120\Tools\Binn\;d:\Program Files\Microsoft SQL Server\120\Tools\Binn\;d:\Program Files\Microsoft SQL Server\120\DTS\Binn\;d:\Program Files (x86)\Microsoft SQL Server\120\Tools\Binn\ManagementStudio\;d:\Program Files (x86)\Microsoft SQL Server\120\DTS\Binn\;c:\Program Files\Microsoft\Web Platform Installer\;c:\Program Files (x86)\Microsoft ASP.NET\ASP.NET Web Pages\v1.0\;c:\Program Files\Java\jre1.8.0_25\bin;c:\Program Files\Java\jdk1.8.0_25\bin;c:\Program Files\MySQL\MySQL Enterprise Backup 3.12\;c:\Program Files (x86)\MySQL\MySQL Fabric 1.5.4 & MySQL Utilities 1.5.4 1.5\;c:\Program Files (x86)\MySQL\MySQL Fabric 1.5.4 & MySQL Utilities 1.5.4 1.5\Doctrine extensions for PHP\;c:\Program Files\Microsoft DNX\Dnvm\;c:\Python\gtk\224\bin;d:\Program Files\Microsoft SQL Server\130\Tools\Binn\;c:\Program Files\Git\cmd;c:\Program Files (x86)\Windows Kits\10\Windows Performance Toolkit\;c:\Program Files\dotnet\;g:\JackCoady\Programs\Elm\bin;c:\Users\Jack.Coady\path\sbt\bin;c:\Users\Jack.Coady\path\ceylon-1.2.2\bin;c:\Users\Jack.Coady\.dnx\runtimes\dnx-clr-win-x86.1.0.0-rc1-update2\bin;c:\Users\Jack.Coady\path\gradle-2.12\bin;c:\Users\Jack.Coady\path\bin;c:\Progra~2\NuGet\Visual~1;c:\Users\Jack.Coady\.dnx\bin;c:\Users\Jack.Coady\path\apache-maven-3.3.9\bin;c:\Ruby\21-x64\bin;c:\Progra~1\nodejs;c:\msys64\mingw64\bin;c:\msys64\usr\bin;c:\PROGRA~2\Micros~2\F#\4.0\Framework\v4.0;c:\Users\Jack.Coady\AppData\Local\atom\bin;c:\Program Files (x86)\Microsoft VS Code\bin
10 verbose lifecycle backend@1.0.0~start: CWD: c:\Users\Jack.Coady\Desktop\tiny\scala-web-apis\backend
11 silly lifecycle backend@1.0.0~start: Args: [ '/d /s /c', 'json-server --watch db.json' ]
12 silly lifecycle backend@1.0.0~start: Returned: code: 1  signal: null
13 info lifecycle backend@1.0.0~start: Failed to exec start script
14 verbose stack Error: backend@1.0.0 start: `json-server --watch db.json`
14 verbose stack Exit status 1
14 verbose stack     at EventEmitter.<anonymous> (c:\Progra~1\nodejs\node_modules\npm\lib\utils\lifecycle.js:244:16)
14 verbose stack     at emitTwo (events.js:87:13)
14 verbose stack     at EventEmitter.emit (events.js:172:7)
14 verbose stack     at ChildProcess.<anonymous> (c:\Progra~1\nodejs\node_modules\npm\lib\utils\spawn.js:24:14)
14 verbose stack     at emitTwo (events.js:87:13)
14 verbose stack     at ChildProcess.emit (events.js:172:7)
14 verbose stack     at maybeClose (internal/child_process.js:818:16)
14 verbose stack     at Process.ChildProcess._handle.onexit (internal/child_process.js:211:5)
15 verbose pkgid backend@1.0.0
16 verbose cwd c:\Users\Jack.Coady\Desktop\tiny\scala-web-apis\backend
17 error Windows_NT 6.3.9600
18 error argv "c:\\Progra~1\\nodejs\\node.exe" "c:\\Progra~1\\nodejs\\node_modules\\npm\\bin\\npm-cli.js" "start"
19 error node v4.2.1
20 error npm  v3.8.8
21 error code ELIFECYCLE
22 error backend@1.0.0 start: `json-server --watch db.json`
22 error Exit status 1
23 error Failed at the backend@1.0.0 start script 'json-server --watch db.json'.
23 error Make sure you have the latest version of node.js and npm installed.
23 error If you do, this is most likely a problem with the backend package,
23 error not with npm itself.
23 error Tell the author that this fails on your system:
23 error     json-server --watch db.json
23 error You can get information on how to open an issue for this project with:
23 error     npm bugs backend
23 error Or if that isn't available, you can get their info via:
23 error     npm owner ls backend
23 error There is likely additional logging output above.
24 verbose exit [ 1, true ]
